Connection closed by 50.19.85.154
fatal: The remote end hung up unexpectedly
Initializing repository, done.

-----> Ruby app detected
-----> Compiling Ruby/Rails
-----> Using Ruby version: ruby-2.1.2
-----> Installing dependencies using 1.6.3
       Running: bundle install --without development:test --path vendor/bundle --binstubs vendor/bundle/bin -j4 --deployment
       Fetching gem metadata from https://rubygems.org/........
       Fetching additional metadata from https://rubygems.org/..
       Fetching git://github.com/rails/sass-rails.git
       Using json 1.8.1
       Installing minitest 5.4.1
       Installing i18n 0.6.11
       Installing rake 10.3.2
       Installing thread_safe 0.3.4
       Installing builder 3.2.2
       Installing erubis 2.7.0
       Installing polyglot 0.3.5
       Installing arel 5.0.1.20140414130214
       Installing rack 1.5.2
       Installing mime-types 1.25.1
       Installing addressable 2.3.6
       Installing backports 3.6.0
       Installing coderay 1.1.0
       Installing sass 3.4.2
       Installing execjs 2.2.1
       Installing coffee-script-source 1.8.0
       Installing decent_exposure 2.3.2
       Installing thor 0.19.1
       Installing orm_adapter 0.5.0
       Installing request_store 1.0.8
       Installing multipart-post 2.0.0
       Installing ffaker 1.24.0
       Installing multi_json 1.10.1
       Installing bcrypt 3.1.7
       Installing net-http-pipeline 1.0.1
       Installing net-http-persistent 2.9.4
       Installing tilt 1.4.1
       Installing hike 1.2.3
       Installing highline 1.6.21
       Installing method_source 0.8.2
       Installing libv8 3.16.14.3
       Installing slop 3.6.0
       Installing websocket 1.2.0
       Using bundler 1.6.3
       Installing ref 1.0.5
       Installing tzinfo 1.2.2
       Installing treetop 1.4.15
       Installing rack-test 0.6.2
       Installing warden 1.2.3
       Installing launchy 2.4.2
       Installing bootstrap-sass 3.1.1.1
       Installing uglifier 2.5.3
       Installing coffee-script 2.3.0
       Installing decent_decoration 0.0.6
       Installing faraday 0.9.0
       Installing haml 4.0.5
       Installing sprockets 2.12.1
       Installing pry 0.10.1
       Installing pusher-client 0.6.0
       Installing pg 0.17.1
       Installing activesupport 4.1.5
       Installing mail 2.5.4
       Installing faraday_middleware 0.9.1
       Installing gh 0.13.2
       Installing actionview 4.1.5
       Installing activemodel 4.1.5
       Installing actionpack 4.1.5
       Installing activerecord 4.1.5
       Installing actionmailer 4.1.5
       Installing railties 4.1.5
       Installing draper 1.3.1
       Installing sprockets-rails 2.1.3
       Installing simple_form 3.1.0.rc2
       Installing coffee-rails 4.0.1
       Installing devise 3.3.0
       Installing haml-rails 0.5.3
       Installing jquery-rails 3.1.1
       Installing quiet_assets 1.0.3
       Installing rails 4.1.5
       Using sass-rails 5.0.0.beta1 from git://github.com/rails/sass-rails.git (at master)
       Installing therubyracer 0.12.1
       Installing ffi 1.9.3
       Installing ethon 0.7.1
       Installing typhoeus 0.6.9
       Installing travis 1.6.11
       Your bundle is complete!
       Gems in the groups development and test were not installed.
       It was installed into ./vendor/bundle
       Post-install message from haml:
       HEADS UP! Haml 4.0 has many improvements, but also has changes that may break
       your application:
       * Support for Ruby 1.8.6 dropped
       * Support for Rails 2 dropped
       * Sass filter now always outputs <style> tags
       * Data attributes are now hyphenated, not underscored
       * html2haml utility moved to the html2haml gem
       * Textile and Maruku filters moved to the haml-contrib gem
       For more info see:
       http://rubydoc.info/github/haml/haml/file/CHANGELOG.md
       Bundle completed (105.76s)
       Cleaning up the bundler cache.
-----> Preparing app for Rails asset pipeline
       Running: rake assets:precompile
       I, [2014-11-09T16:08:05.768636 #4464]  INFO -- : Writing /tmp/build_d052de8dc2efc686afa23b38e292b5ca/public/assets/application-055bf9f72d39d960fc44bdc1184e490e.js
       rake aborted!
       Sass::SyntaxError: File to import not found or unreadable: bootstrap_custom_variables.
       Load paths:
       /tmp/build_d052de8dc2efc686afa23b38e292b5ca/app/assets/images
       /tmp/build_d052de8dc2efc686afa23b38e292b5ca/app/assets/javascripts
       /tmp/build_d052de8dc2efc686afa23b38e292b5ca/app/assets/stylesheets
       /tmp/build_d052de8dc2efc686afa23b38e292b5ca/vendor/assets/javascripts
       /tmp/build_d052de8dc2efc686afa23b38e292b5ca/vendor/assets/stylesheets
       /tmp/build_d052de8dc2efc686afa23b38e292b5ca/vendor/bundle/ruby/2.1.0/gems/jquery-rails-3.1.1/vendor/assets/javascripts
       /tmp/build_d052de8dc2efc686afa23b38e292b5ca/vendor/bundle/ruby/2.1.0/gems/coffee-rails-4.0.1/lib/assets/javascripts
       /tmp/build_d052de8dc2efc686afa23b38e292b5ca/vendor/bundle/ruby/2.1.0/gems/bootstrap-sass-3.1.1.1/vendor/assets/fonts
       /tmp/build_d052de8dc2efc686afa23b38e292b5ca/vendor/bundle/ruby/2.1.0/gems/bootstrap-sass-3.1.1.1/vendor/assets/javascripts
       /tmp/build_d052de8dc2efc686afa23b38e292b5ca/vendor/bundle/ruby/2.1.0/gems/bootstrap-sass-3.1.1.1/vendor/assets/stylesheets
       /tmp/build_d052de8dc2efc686afa23b38e292b5ca/vendor/bundle/ruby/2.1.0/gems/bootstrap-sass-3.1.1.1/vendor/assets/stylesheets
       (in /tmp/build_d052de8dc2efc686afa23b38e292b5ca/app/assets/stylesheets/application.css.scss:1)
       /tmp/build_d052de8dc2efc686afa23b38e292b5ca/app/assets/stylesheets/application.css.scss:1
       /tmp/build_d052de8dc2efc686afa23b38e292b5ca/vendor/bundle/ruby/2.1.0/gems/sass-3.4.2/lib/sass/tree/import_node.rb:66:in `rescue in import'
       /tmp/build_d052de8dc2efc686afa23b38e292b5ca/vendor/bundle/ruby/2.1.0/gems/sass-3.4.2/lib/sass/tree/import_node.rb:45:in `import'
       /tmp/build_d052de8dc2efc686afa23b38e292b5ca/vendor/bundle/ruby/2.1.0/gems/sass-3.4.2/lib/sass/tree/import_node.rb:28:in `imported_file'
       /tmp/build_d052de8dc2efc686afa23b38e292b5ca/vendor/bundle/ruby/2.1.0/gems/sass-3.4.2/lib/sass/tree/import_node.rb:37:in `css_import?'
       /tmp/build_d052de8dc2efc686afa23b38e292b5ca/vendor/bundle/ruby/2.1.0/gems/sass-3.4.2/lib/sass/tree/visitors/perform.rb:295:in `visit_import'
       /tmp/build_d052de8dc2efc686afa23b38e292b5ca/vendor/bundle/ruby/2.1.0/gems/sass-3.4.2/lib/sass/tree/visitors/base.rb:36:in `visit'
       /tmp/build_d052de8dc2efc686afa23b38e292b5ca/vendor/bundle/ruby/2.1.0/gems/sass-3.4.2/lib/sass/tree/visitors/perform.rb:152:in `block in visit'
       /tmp/build_d052de8dc2efc686afa23b38e292b5ca/vendor/bundle/ruby/2.1.0/gems/sass-3.4.2/lib/sass/stack.rb:79:in `block in with_base'
       /tmp/build_d052de8dc2efc686afa23b38e292b5ca/vendor/bundle/ruby/2.1.0/gems/sass-3.4.2/lib/sass/stack.rb:115:in `with_frame'
       /tmp/build_d052de8dc2efc686afa23b38e292b5ca/vendor/bundle/ruby/2.1.0/gems/sass-3.4.2/lib/sass/stack.rb:79:in `with_base'
       /tmp/build_d052de8dc2efc686afa23b38e292b5ca/vendor/bundle/ruby/2.1.0/gems/sass-3.4.2/lib/sass/tree/visitors/perform.rb:152:in `visit'
       /tmp/build_d052de8dc2efc686afa23b38e292b5ca/vendor/bundle/ruby/2.1.0/gems/sass-3.4.2/lib/sass/tree/visitors/base.rb:52:in `block in visit_children'
       /tmp/build_d052de8dc2efc686afa23b38e292b5ca/vendor/bundle/ruby/2.1.0/gems/sass-3.4.2/lib/sass/tree/visitors/base.rb:52:in `map'
       /tmp/build_d052de8dc2efc686afa23b38e292b5ca/vendor/bundle/ruby/2.1.0/gems/sass-3.4.2/lib/sass/tree/visitors/base.rb:52:in `visit_children'
       /tmp/build_d052de8dc2efc686afa23b38e292b5ca/vendor/bundle/ruby/2.1.0/gems/sass-3.4.2/lib/sass/tree/visitors/perform.rb:161:in `block in visit_children'
       /tmp/build_d052de8dc2efc686afa23b38e292b5ca/vendor/bundle/ruby/2.1.0/gems/sass-3.4.2/lib/sass/tree/visitors/perform.rb:173:in `with_environment'
       /tmp/build_d052de8dc2efc686afa23b38e292b5ca/vendor/bundle/ruby/2.1.0/gems/sass-3.4.2/lib/sass/tree/visitors/perform.rb:160:in `visit_children'
       /tmp/build_d052de8dc2efc686afa23b38e292b5ca/vendor/bundle/ruby/2.1.0/gems/sass-3.4.2/lib/sass/tree/visitors/base.rb:36:in `block in visit'
       /tmp/build_d052de8dc2efc686afa23b38e292b5ca/vendor/bundle/ruby/2.1.0/gems/sass-3.4.2/lib/sass/tree/visitors/perform.rb:180:in `visit_root'
       /tmp/build_d052de8dc2efc686afa23b38e292b5ca/vendor/bundle/ruby/2.1.0/gems/sass-3.4.2/lib/sass/tree/visitors/base.rb:36:in `visit'
       /tmp/build_d052de8dc2efc686afa23b38e292b5ca/vendor/bundle/ruby/2.1.0/gems/sass-3.4.2/lib/sass/tree/visitors/perform.rb:151:in `visit'
       /tmp/build_d052de8dc2efc686afa23b38e292b5ca/vendor/bundle/ruby/2.1.0/gems/sass-3.4.2/lib/sass/tree/visitors/perform.rb:8:in `visit'
       /tmp/build_d052de8dc2efc686afa23b38e292b5ca/vendor/bundle/ruby/2.1.0/gems/sass-3.4.2/lib/sass/tree/root_node.rb:36:in `css_tree'
       /tmp/build_d052de8dc2efc686afa23b38e292b5ca/vendor/bundle/ruby/2.1.0/gems/sass-3.4.2/lib/sass/tree/root_node.rb:20:in `render'
       /tmp/build_d052de8dc2efc686afa23b38e292b5ca/vendor/bundle/ruby/2.1.0/gems/sass-3.4.2/lib/sass/engine.rb:268:in `render'
       /tmp/build_d052de8dc2efc686afa23b38e292b5ca/vendor/bundle/ruby/2.1.0/bundler/gems/sass-rails-423178729e7b/lib/sass/rails/template.rb:25:in `evaluate'
       /tmp/build_d052de8dc2efc686afa23b38e292b5ca/vendor/bundle/ruby/2.1.0/gems/tilt-1.4.1/lib/tilt/template.rb:103:in `render'
       /tmp/build_d052de8dc2efc686afa23b38e292b5ca/vendor/bundle/ruby/2.1.0/gems/sprockets-2.12.1/lib/sprockets/context.rb:197:in `block in evaluate'
       /tmp/build_d052de8dc2efc686afa23b38e292b5ca/vendor/bundle/ruby/2.1.0/gems/sprockets-2.12.1/lib/sprockets/context.rb:194:in `each'
       /tmp/build_d052de8dc2efc686afa23b38e292b5ca/vendor/bundle/ruby/2.1.0/gems/sprockets-2.12.1/lib/sprockets/context.rb:194:in `evaluate'
       /tmp/build_d052de8dc2efc686afa23b38e292b5ca/vendor/bundle/ruby/2.1.0/gems/sprockets-2.12.1/lib/sprockets/processed_asset.rb:12:in `initialize'
       /tmp/build_d052de8dc2efc686afa23b38e292b5ca/vendor/bundle/ruby/2.1.0/gems/sprockets-2.12.1/lib/sprockets/base.rb:374:in `new'
       /tmp/build_d052de8dc2efc686afa23b38e292b5ca/vendor/bundle/ruby/2.1.0/gems/sprockets-2.12.1/lib/sprockets/base.rb:374:in `block in build_asset'
       /tmp/build_d052de8dc2efc686afa23b38e292b5ca/vendor/bundle/ruby/2.1.0/gems/sprockets-2.12.1/lib/sprockets/base.rb:395:in `circular_call_protection'
       /tmp/build_d052de8dc2efc686afa23b38e292b5ca/vendor/bundle/ruby/2.1.0/gems/sprockets-2.12.1/lib/sprockets/base.rb:373:in `build_asset'
       /tmp/build_d052de8dc2efc686afa23b38e292b5ca/vendor/bundle/ruby/2.1.0/gems/sprockets-2.12.1/lib/sprockets/index.rb:94:in `block in build_asset'
       /tmp/build_d052de8dc2efc686afa23b38e292b5ca/vendor/bundle/ruby/2.1.0/gems/sprockets-2.12.1/lib/sprockets/caching.rb:58:in `cache_asset'
       /tmp/build_d052de8dc2efc686afa23b38e292b5ca/vendor/bundle/ruby/2.1.0/gems/sprockets-2.12.1/lib/sprockets/index.rb:93:in `build_asset'
       /tmp/build_d052de8dc2efc686afa23b38e292b5ca/vendor/bundle/ruby/2.1.0/gems/sprockets-2.12.1/lib/sprockets/base.rb:287:in `find_asset'
       /tmp/build_d052de8dc2efc686afa23b38e292b5ca/vendor/bundle/ruby/2.1.0/gems/sprockets-2.12.1/lib/sprockets/index.rb:61:in `find_asset'
       /tmp/build_d052de8dc2efc686afa23b38e292b5ca/vendor/bundle/ruby/2.1.0/gems/sprockets-2.12.1/lib/sprockets/bundled_asset.rb:16:in `initialize'
       /tmp/build_d052de8dc2efc686afa23b38e292b5ca/vendor/bundle/ruby/2.1.0/gems/sprockets-2.12.1/lib/sprockets/base.rb:377:in `new'
       /tmp/build_d052de8dc2efc686afa23b38e292b5ca/vendor/bundle/ruby/2.1.0/gems/sprockets-2.12.1/lib/sprockets/base.rb:377:in `build_asset'
       /tmp/build_d052de8dc2efc686afa23b38e292b5ca/vendor/bundle/ruby/2.1.0/gems/sprockets-2.12.1/lib/sprockets/index.rb:94:in `block in build_asset'
       /tmp/build_d052de8dc2efc686afa23b38e292b5ca/vendor/bundle/ruby/2.1.0/gems/sprockets-2.12.1/lib/sprockets/caching.rb:58:in `cache_asset'
       /tmp/build_d052de8dc2efc686afa23b38e292b5ca/vendor/bundle/ruby/2.1.0/gems/sprockets-2.12.1/lib/sprockets/index.rb:93:in `build_asset'
       /tmp/build_d052de8dc2efc686afa23b38e292b5ca/vendor/bundle/ruby/2.1.0/gems/sprockets-2.12.1/lib/sprockets/base.rb:287:in `find_asset'
       /tmp/build_d052de8dc2efc686afa23b38e292b5ca/vendor/bundle/ruby/2.1.0/gems/sprockets-2.12.1/lib/sprockets/index.rb:61:in `find_asset'
       /tmp/build_d052de8dc2efc686afa23b38e292b5ca/vendor/bundle/ruby/2.1.0/gems/sprockets-2.12.1/lib/sprockets/manifest.rb:211:in `block in find_asset'
       /tmp/build_d052de8dc2efc686afa23b38e292b5ca/vendor/bundle/ruby/2.1.0/gems/sprockets-2.12.1/lib/sprockets/manifest.rb:257:in `benchmark'
       /tmp/build_d052de8dc2efc686afa23b38e292b5ca/vendor/bundle/ruby/2.1.0/gems/sprockets-2.12.1/lib/sprockets/manifest.rb:210:in `find_asset'
       /tmp/build_d052de8dc2efc686afa23b38e292b5ca/vendor/bundle/ruby/2.1.0/gems/sprockets-2.12.1/lib/sprockets/manifest.rb:119:in `block in compile'
       /tmp/build_d052de8dc2efc686afa23b38e292b5ca/vendor/bundle/ruby/2.1.0/gems/sprockets-2.12.1/lib/sprockets/manifest.rb:118:in `each'
       /tmp/build_d052de8dc2efc686afa23b38e292b5ca/vendor/bundle/ruby/2.1.0/gems/sprockets-2.12.1/lib/sprockets/manifest.rb:118:in `compile'
       /tmp/build_d052de8dc2efc686afa23b38e292b5ca/vendor/bundle/ruby/2.1.0/gems/sprockets-rails-2.1.3/lib/sprockets/rails/task.rb:61:in `block (3 levels) in define'
       /tmp/build_d052de8dc2efc686afa23b38e292b5ca/vendor/bundle/ruby/2.1.0/gems/sprockets-2.12.1/lib/rake/sprocketstask.rb:146:in `with_logger'
       /tmp/build_d052de8dc2efc686afa23b38e292b5ca/vendor/bundle/ruby/2.1.0/gems/sprockets-rails-2.1.3/lib/sprockets/rails/task.rb:60:in `block (2 levels) in define'
       Sass::SyntaxError: File to import not found or unreadable: bootstrap_custom_variables.
       Load paths:
       /tmp/build_d052de8dc2efc686afa23b38e292b5ca/app/assets/images
       /tmp/build_d052de8dc2efc686afa23b38e292b5ca/app/assets/javascripts
       /tmp/build_d052de8dc2efc686afa23b38e292b5ca/app/assets/stylesheets
       /tmp/build_d052de8dc2efc686afa23b38e292b5ca/vendor/assets/javascripts
       /tmp/build_d052de8dc2efc686afa23b38e292b5ca/vendor/assets/stylesheets
       /tmp/build_d052de8dc2efc686afa23b38e292b5ca/vendor/bundle/ruby/2.1.0/gems/jquery-rails-3.1.1/vendor/assets/javascripts
       /tmp/build_d052de8dc2efc686afa23b38e292b5ca/vendor/bundle/ruby/2.1.0/gems/coffee-rails-4.0.1/lib/assets/javascripts
       /tmp/build_d052de8dc2efc686afa23b38e292b5ca/vendor/bundle/ruby/2.1.0/gems/bootstrap-sass-3.1.1.1/vendor/assets/fonts
       /tmp/build_d052de8dc2efc686afa23b38e292b5ca/vendor/bundle/ruby/2.1.0/gems/bootstrap-sass-3.1.1.1/vendor/assets/javascripts
       /tmp/build_d052de8dc2efc686afa23b38e292b5ca/vendor/bundle/ruby/2.1.0/gems/bootstrap-sass-3.1.1.1/vendor/assets/stylesheets
       /tmp/build_d052de8dc2efc686afa23b38e292b5ca/vendor/bundle/ruby/2.1.0/gems/bootstrap-sass-3.1.1.1/vendor/assets/stylesheets
       /tmp/build_d052de8dc2efc686afa23b38e292b5ca/vendor/bundle/ruby/2.1.0/gems/sass-3.4.2/lib/sass/tree/import_node.rb:64:in `import'
       /tmp/build_d052de8dc2efc686afa23b38e292b5ca/vendor/bundle/ruby/2.1.0/gems/sass-3.4.2/lib/sass/tree/import_node.rb:28:in `imported_file'
       /tmp/build_d052de8dc2efc686afa23b38e292b5ca/vendor/bundle/ruby/2.1.0/gems/sass-3.4.2/lib/sass/tree/import_node.rb:37:in `css_import?'
       /tmp/build_d052de8dc2efc686afa23b38e292b5ca/vendor/bundle/ruby/2.1.0/gems/sass-3.4.2/lib/sass/tree/visitors/perform.rb:295:in `visit_import'
       /tmp/build_d052de8dc2efc686afa23b38e292b5ca/vendor/bundle/ruby/2.1.0/gems/sass-3.4.2/lib/sass/tree/visitors/base.rb:36:in `visit'
       /tmp/build_d052de8dc2efc686afa23b38e292b5ca/vendor/bundle/ruby/2.1.0/gems/sass-3.4.2/lib/sass/tree/visitors/perform.rb:152:in `block in visit'
       /tmp/build_d052de8dc2efc686afa23b38e292b5ca/vendor/bundle/ruby/2.1.0/gems/sass-3.4.2/lib/sass/stack.rb:79:in `block in with_base'
       /tmp/build_d052de8dc2efc686afa23b38e292b5ca/vendor/bundle/ruby/2.1.0/gems/sass-3.4.2/lib/sass/stack.rb:115:in `with_frame'
       /tmp/build_d052de8dc2efc686afa23b38e292b5ca/vendor/bundle/ruby/2.1.0/gems/sass-3.4.2/lib/sass/stack.rb:79:in `with_base'
       /tmp/build_d052de8dc2efc686afa23b38e292b5ca/vendor/bundle/ruby/2.1.0/gems/sass-3.4.2/lib/sass/tree/visitors/perform.rb:152:in `visit'
       /tmp/build_d052de8dc2efc686afa23b38e292b5ca/vendor/bundle/ruby/2.1.0/gems/sass-3.4.2/lib/sass/tree/visitors/base.rb:52:in `block in visit_children'
       /tmp/build_d052de8dc2efc686afa23b38e292b5ca/vendor/bundle/ruby/2.1.0/gems/sass-3.4.2/lib/sass/tree/visitors/base.rb:52:in `map'
       /tmp/build_d052de8dc2efc686afa23b38e292b5ca/vendor/bundle/ruby/2.1.0/gems/sass-3.4.2/lib/sass/tree/visitors/base.rb:52:in `visit_children'
       /tmp/build_d052de8dc2efc686afa23b38e292b5ca/vendor/bundle/ruby/2.1.0/gems/sass-3.4.2/lib/sass/tree/visitors/perform.rb:161:in `block in visit_children'
       /tmp/build_d052de8dc2efc686afa23b38e292b5ca/vendor/bundle/ruby/2.1.0/gems/sass-3.4.2/lib/sass/tree/visitors/perform.rb:173:in `with_environment'
       /tmp/build_d052de8dc2efc686afa23b38e292b5ca/vendor/bundle/ruby/2.1.0/gems/sass-3.4.2/lib/sass/tree/visitors/perform.rb:160:in `visit_children'
       /tmp/build_d052de8dc2efc686afa23b38e292b5ca/vendor/bundle/ruby/2.1.0/gems/sass-3.4.2/lib/sass/tree/visitors/base.rb:36:in `block in visit'
       /tmp/build_d052de8dc2efc686afa23b38e292b5ca/vendor/bundle/ruby/2.1.0/gems/sass-3.4.2/lib/sass/tree/visitors/perform.rb:180:in `visit_root'
       /tmp/build_d052de8dc2efc686afa23b38e292b5ca/vendor/bundle/ruby/2.1.0/gems/sass-3.4.2/lib/sass/tree/visitors/base.rb:36:in `visit'
       /tmp/build_d052de8dc2efc686afa23b38e292b5ca/vendor/bundle/ruby/2.1.0/gems/sass-3.4.2/lib/sass/tree/visitors/perform.rb:151:in `visit'
       /tmp/build_d052de8dc2efc686afa23b38e292b5ca/vendor/bundle/ruby/2.1.0/gems/sass-3.4.2/lib/sass/tree/visitors/perform.rb:8:in `visit'
       /tmp/build_d052de8dc2efc686afa23b38e292b5ca/vendor/bundle/ruby/2.1.0/gems/sass-3.4.2/lib/sass/tree/root_node.rb:36:in `css_tree'
       /tmp/build_d052de8dc2efc686afa23b38e292b5ca/vendor/bundle/ruby/2.1.0/gems/sass-3.4.2/lib/sass/tree/root_node.rb:20:in `render'
       /tmp/build_d052de8dc2efc686afa23b38e292b5ca/vendor/bundle/ruby/2.1.0/gems/sass-3.4.2/lib/sass/engine.rb:268:in `render'
       /tmp/build_d052de8dc2efc686afa23b38e292b5ca/vendor/bundle/ruby/2.1.0/bundler/gems/sass-rails-423178729e7b/lib/sass/rails/template.rb:25:in `evaluate'
       /tmp/build_d052de8dc2efc686afa23b38e292b5ca/vendor/bundle/ruby/2.1.0/gems/tilt-1.4.1/lib/tilt/template.rb:103:in `render'
       /tmp/build_d052de8dc2efc686afa23b38e292b5ca/vendor/bundle/ruby/2.1.0/gems/sprockets-2.12.1/lib/sprockets/context.rb:197:in `block in evaluate'
       /tmp/build_d052de8dc2efc686afa23b38e292b5ca/vendor/bundle/ruby/2.1.0/gems/sprockets-2.12.1/lib/sprockets/context.rb:194:in `each'
       /tmp/build_d052de8dc2efc686afa23b38e292b5ca/vendor/bundle/ruby/2.1.0/gems/sprockets-2.12.1/lib/sprockets/context.rb:194:in `evaluate'
       /tmp/build_d052de8dc2efc686afa23b38e292b5ca/vendor/bundle/ruby/2.1.0/gems/sprockets-2.12.1/lib/sprockets/processed_asset.rb:12:in `initialize'
       /tmp/build_d052de8dc2efc686afa23b38e292b5ca/vendor/bundle/ruby/2.1.0/gems/sprockets-2.12.1/lib/sprockets/base.rb:374:in `new'
       /tmp/build_d052de8dc2efc686afa23b38e292b5ca/vendor/bundle/ruby/2.1.0/gems/sprockets-2.12.1/lib/sprockets/base.rb:374:in `block in build_asset'
       /tmp/build_d052de8dc2efc686afa23b38e292b5ca/vendor/bundle/ruby/2.1.0/gems/sprockets-2.12.1/lib/sprockets/base.rb:395:in `circular_call_protection'
       /tmp/build_d052de8dc2efc686afa23b38e292b5ca/vendor/bundle/ruby/2.1.0/gems/sprockets-2.12.1/lib/sprockets/base.rb:373:in `build_asset'
       /tmp/build_d052de8dc2efc686afa23b38e292b5ca/vendor/bundle/ruby/2.1.0/gems/sprockets-2.12.1/lib/sprockets/index.rb:94:in `block in build_asset'
       /tmp/build_d052de8dc2efc686afa23b38e292b5ca/vendor/bundle/ruby/2.1.0/gems/sprockets-2.12.1/lib/sprockets/caching.rb:58:in `cache_asset'
       /tmp/build_d052de8dc2efc686afa23b38e292b5ca/vendor/bundle/ruby/2.1.0/gems/sprockets-2.12.1/lib/sprockets/index.rb:93:in `build_asset'
       /tmp/build_d052de8dc2efc686afa23b38e292b5ca/vendor/bundle/ruby/2.1.0/gems/sprockets-2.12.1/lib/sprockets/base.rb:287:in `find_asset'
       /tmp/build_d052de8dc2efc686afa23b38e292b5ca/vendor/bundle/ruby/2.1.0/gems/sprockets-2.12.1/lib/sprockets/index.rb:61:in `find_asset'
       /tmp/build_d052de8dc2efc686afa23b38e292b5ca/vendor/bundle/ruby/2.1.0/gems/sprockets-2.12.1/lib/sprockets/bundled_asset.rb:16:in `initialize'
       /tmp/build_d052de8dc2efc686afa23b38e292b5ca/vendor/bundle/ruby/2.1.0/gems/sprockets-2.12.1/lib/sprockets/base.rb:377:in `new'
       /tmp/build_d052de8dc2efc686afa23b38e292b5ca/vendor/bundle/ruby/2.1.0/gems/sprockets-2.12.1/lib/sprockets/base.rb:377:in `build_asset'
       /tmp/build_d052de8dc2efc686afa23b38e292b5ca/vendor/bundle/ruby/2.1.0/gems/sprockets-2.12.1/lib/sprockets/index.rb:94:in `block in build_asset'
       /tmp/build_d052de8dc2efc686afa23b38e292b5ca/vendor/bundle/ruby/2.1.0/gems/sprockets-2.12.1/lib/sprockets/caching.rb:58:in `cache_asset'
       /tmp/build_d052de8dc2efc686afa23b38e292b5ca/vendor/bundle/ruby/2.1.0/gems/sprockets-2.12.1/lib/sprockets/index.rb:93:in `build_asset'
       /tmp/build_d052de8dc2efc686afa23b38e292b5ca/vendor/bundle/ruby/2.1.0/gems/sprockets-2.12.1/lib/sprockets/base.rb:287:in `find_asset'
       /tmp/build_d052de8dc2efc686afa23b38e292b5ca/vendor/bundle/ruby/2.1.0/gems/sprockets-2.12.1/lib/sprockets/index.rb:61:in `find_asset'
       /tmp/build_d052de8dc2efc686afa23b38e292b5ca/vendor/bundle/ruby/2.1.0/gems/sprockets-2.12.1/lib/sprockets/manifest.rb:211:in `block in find_asset'
       /tmp/build_d052de8dc2efc686afa23b38e292b5ca/vendor/bundle/ruby/2.1.0/gems/sprockets-2.12.1/lib/sprockets/manifest.rb:257:in `benchmark'
       /tmp/build_d052de8dc2efc686afa23b38e292b5ca/vendor/bundle/ruby/2.1.0/gems/sprockets-2.12.1/lib/sprockets/manifest.rb:210:in `find_asset'
       /tmp/build_d052de8dc2efc686afa23b38e292b5ca/vendor/bundle/ruby/2.1.0/gems/sprockets-2.12.1/lib/sprockets/manifest.rb:119:in `block in compile'
       /tmp/build_d052de8dc2efc686afa23b38e292b5ca/vendor/bundle/ruby/2.1.0/gems/sprockets-2.12.1/lib/sprockets/manifest.rb:118:in `each'
       /tmp/build_d052de8dc2efc686afa23b38e292b5ca/vendor/bundle/ruby/2.1.0/gems/sprockets-2.12.1/lib/sprockets/manifest.rb:118:in `compile'
       /tmp/build_d052de8dc2efc686afa23b38e292b5ca/vendor/bundle/ruby/2.1.0/gems/sprockets-rails-2.1.3/lib/sprockets/rails/task.rb:61:in `block (3 levels) in define'
       /tmp/build_d052de8dc2efc686afa23b38e292b5ca/vendor/bundle/ruby/2.1.0/gems/sprockets-2.12.1/lib/rake/sprocketstask.rb:146:in `with_logger'
       /tmp/build_d052de8dc2efc686afa23b38e292b5ca/vendor/bundle/ruby/2.1.0/gems/sprockets-rails-2.1.3/lib/sprockets/rails/task.rb:60:in `block (2 levels) in define'
       Tasks: TOP => assets:precompile
       (See full trace by running task with --trace)
 !
 !     Precompiling assets failed.
 !

 !     Push rejected, failed to compile Ruby app

To git@heroku.com:whispering-stream-4500.git
 ! [remote rejected] master -> master (pre-receive hook declined)
error: failed to push some refs to 'git@heroku.com:whispering-stream-4500.git'
