** Invoke db:reset (first_time)
** Invoke environment (first_time)
** Execute environment
** Invoke db:load_config (first_time)
** Execute db:load_config
** Execute db:reset
** Invoke db:drop (first_time)
** Invoke db:load_config 
** Execute db:drop
** Invoke db:setup (first_time)
** Invoke db:schema:load_if_ruby (first_time)
** Invoke db:create (first_time)
** Invoke db:load_config 
** Execute db:create
** Invoke environment 
** Execute db:schema:load_if_ruby
** Invoke db:schema:load (first_time)
** Invoke environment 
** Invoke db:load_config 
** Execute db:schema:load
** Invoke db:structure:load_if_sql (first_time)
** Invoke db:create 
** Invoke environment 
** Execute db:structure:load_if_sql
** Invoke db:seed (first_time)
** Execute db:seed
** Invoke db:abort_if_pending_migrations (first_time)
** Invoke environment 
** Execute db:abort_if_pending_migrations
** Execute db:setup
